<?xml version="1.0" encoding="UTF-8"?>
<!-- Generated by org.testng.reporters.JUnitReportReporter -->
<testsuite hostname="patil" failures="0" tests="1" name="myprojectpkg.MyClass1" time="0.010" errors="0" timestamp="12 Nov 2022 00:19:45 GMT">
  <testcase classname="myprojectpkg.MyClass1" name="method1" time="0.010"/>
</testsuite> <!-- myprojectpkg.MyClass1 -->
