<?xml version="1.0" encoding="UTF-8"?>
<!-- Generated by org.testng.reporters.JUnitReportReporter -->
<testsuite hostname="patil" failures="0" tests="1" name="myprojectpkg.MyClass2" time="0.000" errors="0" timestamp="12 Nov 2022 00:19:45 GMT">
  <testcase classname="myprojectpkg.MyClass2" name="method2" time="0.000"/>
</testsuite> <!-- myprojectpkg.MyClass2 -->
